INFO [2023-08-23 14:01:39] $x
INFO [2023-08-23 14:01:39] list(EVA_remove = s %>% filter(EVA_remove) %>% pull(id), duplicated_peaks = s %>% 
INFO [2023-08-23 14:01:39]     filter(is_duplicate) %>% pull(id), high_blank = s %>% filter(high_blank) %>% 
INFO [2023-08-23 14:01:39]     pull(id), high_QC_var = s %>% filter(high_QC_var) %>% pull(id), 
INFO [2023-08-23 14:01:39]     low_inten = s %>% filter(low_inten) %>% pull(id))
INFO [2023-08-23 14:01:39] 
INFO [2023-08-23 14:01:39] $filename
INFO [2023-08-23 14:01:39] paste0(folder, "processing_file/VENN.png")
INFO [2023-08-23 14:01:39] 
INFO [2023-08-23 14:01:39] $imagetype
INFO [2023-08-23 14:01:39] [1] "png"
INFO [2023-08-23 14:01:39] 
INFO [2023-08-23 14:01:39] $fill
INFO [2023-08-23 14:01:39] RColorBrewer::brewer.pal(5, "Dark2")
INFO [2023-08-23 14:01:39] 
INFO [2023-08-23 14:01:39] $cat.just
INFO [2023-08-23 14:01:39] list(l1 = c(0.5, 1.5), l2 = c(0, -5), l3 = c(0, 0), l4 = c(0, 
INFO [2023-08-23 14:01:39]     0), l5 = c(1, -5))
INFO [2023-08-23 14:01:39] 
INFO [2023-08-23 14:01:39] $disable.logging
INFO [2023-08-23 14:01:39] F
INFO [2023-08-23 14:01:39] 
